<?xml version="1.0" encoding="UTF-8"?>
<testng-results ignored="0" total="1" passed="1" failed="0" skipped="0">
  <reporter-output>
  </reporter-output>
  <suite started-at="2024-01-26T23:49:16Z" name="AllTests" finished-at="2024-01-26T23:49:16Z" duration-ms="28">
    <groups>
    </groups>
    <test started-at="2024-01-26T23:49:16Z" name="All" finished-at="2024-01-26T23:49:16Z" duration-ms="28">
      <class name="minh.leetcodesync.testing.AppTest">
        <test-method signature="test()[pri:0, instance:minh.leetcodesync.testing.AppTest@1f03fba0]" started-at="2024-01-26T23:49:16Z" name="test" finished-at="2024-01-26T23:49:16Z" duration-ms="5" status="PASS">
          <reporter-output>
          </reporter-output>
        </test-method> <!-- test -->
      </class> <!-- minh.leetcodesync.testing.AppTest -->
    </test> <!-- All -->
  </suite> <!-- AllTests -->
</testng-results>
